[29May2025 00:07:55.682] [Server thread/WARN] [net.minecraft.server.level.ServerPlayerGameMode/]: Mismatch in destroy block pos: BlockPos{x=-6, y=15, z=-46} BlockPos{x=-7, y=15, z=-47}
[29May2025 00:07:55.834] [Server thread/WARN] [net.minecraft.server.level.ServerPlayerGameMode/]: Mismatch in destroy block pos: BlockPos{x=-3, y=15, z=-45} BlockPos{x=-7, y=15, z=-46}
[29May2025 00:07:55.906] [Server thread/WARN] [net.minecraft.server.level.ServerPlayerGameMode/]: Mismatch in destroy block pos: BlockPos{x=-3, y=15, z=-45} BlockPos{x=-7, y=15, z=-46}
[29May2025 00:07:55.959] [Server thread/WARN] [net.minecraft.server.level.ServerPlayerGameMode/]: Mismatch in destroy block pos: BlockPos{x=-3, y=15, z=-45} BlockPos{x=-7, y=15, z=-46}
[29May2025 00:07:55.988] [Server thread/WARN] [net.minecraft.server.level.ServerPlayerGameMode/]: Mismatch in destroy block pos: BlockPos{x=-3, y=15, z=-45} BlockPos{x=-7, y=15, z=-46}
[29May2025 00:07:56.038] [Server thread/WARN] [net.minecraft.server.level.ServerPlayerGameMode/]: Mismatch in destroy block pos: BlockPos{x=-3, y=15, z=-45} BlockPos{x=-7, y=15, z=-46}
[29May2025 00:07:56.088] [Server thread/WARN] [net.minecraft.server.level.ServerPlayerGameMode/]: Mismatch in destroy block pos: BlockPos{x=-5, y=15, z=-44} BlockPos{x=-7, y=15, z=-46}
[29May2025 00:07:56.138] [Server thread/WARN] [net.minecraft.server.level.ServerPlayerGameMode/]: Mismatch in destroy block pos: BlockPos{x=-6, y=15, z=-44} BlockPos{x=-7, y=15, z=-46}
[29May2025 00:07:56.188] [Server thread/WARN] [net.minecraft.server.level.ServerPlayerGameMode/]: Mismatch in destroy block pos: BlockPos{x=-3, y=15, z=-43} BlockPos{x=-7, y=15, z=-46}
[29May2025 00:07:56.236] [Server thread/WARN] [net.minecraft.server.level.ServerPlayerGameMode/]: Mismatch in destroy block pos: BlockPos{x=-3, y=15, z=-43} BlockPos{x=-7, y=15, z=-46}
[29May2025 00:07:56.305] [Server thread/WARN] [net.minecraft.server.level.ServerPlayerGameMode/]: Mismatch in destroy block pos: BlockPos{x=-3, y=15, z=-43} BlockPos{x=-7, y=15, z=-46}
[29May2025 00:07:56.361] [Server thread/WARN] [net.minecraft.server.level.ServerPlayerGameMode/]: Mismatch in destroy block pos: BlockPos{x=-3, y=15, z=-43} BlockPos{x=-7, y=15, z=-46}
[29May2025 00:07:56.423] [Server thread/WARN] [net.minecraft.server.level.ServerPlayerGameMode/]: Mismatch in destroy block pos: BlockPos{x=-3, y=15, z=-43} BlockPos{x=-7, y=15, z=-46}
[29May2025 00:08:51.839] [Server thread/WARN] [net.minecraft.server.level.ServerPlayerGameMode/]: Mismatch in destroy block pos: BlockPos{x=-7, y=15, z=-61} BlockPos{x=-9, y=15, z=-60}
[29May2025 00:08:52.186] [Server thread/WARN] [net.minecraft.server.level.ServerPlayerGameMode/]: Mismatch in destroy block pos: BlockPos{x=-7, y=15, z=-63} BlockPos{x=-8, y=15, z=-61}
[29May2025 00:08:52.229] [Server thread/WARN] [net.minecraft.server.level.ServerPlayerGameMode/]: Mismatch in destroy block pos: BlockPos{x=-8, y=15, z=-63} BlockPos{x=-8, y=15, z=-61}
[29May2025 00:08:52.283] [Server thread/WARN] [net.minecraft.server.level.ServerPlayerGameMode/]: Mismatch in destroy block pos: BlockPos{x=-9, y=15, z=-63} BlockPos{x=-8, y=15, z=-61}
[29May2025 00:08:52.333] [Server thread/WARN] [net.minecraft.server.level.ServerPlayerGameMode/]: Mismatch in destroy block pos: BlockPos{x=-9, y=15, z=-63} BlockPos{x=-8, y=15, z=-61}
[29May2025 00:08:52.387] [Server thread/WARN] [net.minecraft.server.level.ServerPlayerGameMode/]: Mismatch in destroy block pos: BlockPos{x=-9, y=15, z=-63} BlockPos{x=-8, y=15, z=-61}
[29May2025 00:08:52.433] [Server thread/WARN] [net.minecraft.server.level.ServerPlayerGameMode/]: Mismatch in destroy block pos: BlockPos{x=-7, y=15, z=-64} BlockPos{x=-8, y=15, z=-61}
[29May2025 00:08:52.509] [Server thread/WARN] [net.minecraft.server.level.ServerPlayerGameMode/]: Mismatch in destroy block pos: BlockPos{x=-9, y=15, z=-64} BlockPos{x=-8, y=15, z=-61}
[29May2025 00:08:52.562] [Server thread/WARN] [net.minecraft.server.level.ServerPlayerGameMode/]: Mismatch in destroy block pos: BlockPos{x=-9, y=15, z=-64} BlockPos{x=-8, y=15, z=-61}
[29May2025 00:08:52.625] [Server thread/WARN] [net.minecraft.server.level.ServerPlayerGameMode/]: Mismatch in destroy block pos: BlockPos{x=-7, y=15, z=-65} BlockPos{x=-8, y=15, z=-61}
[29May2025 00:08:52.639] [Server thread/WARN] [net.minecraft.server.level.ServerPlayerGameMode/]: Mismatch in destroy block pos: BlockPos{x=-9, y=15, z=-65} BlockPos{x=-8, y=15, z=-61}
[29May2025 00:11:00.924] [Server thread/WARN] [net.minecraft.server.network.ServerGamePacketListenerImpl/]: tacticalMus4sh1 moved wrongly!
[29May2025 00:11:04.127] [Server thread/WARN] [net.minecraft.server.network.ServerGamePacketListenerImpl/]: tacticalMus4sh1 moved wrongly!
[29May2025 00:26:57.212] [Server thread/WARN] [net.minecraft.server.level.ServerPlayerGameMode/]: Mismatch in destroy block pos: BlockPos{x=-14, y=15, z=-43} BlockPos{x=-15, y=15, z=-45}
[29May2025 00:26:57.261] [Server thread/WARN] [net.minecraft.server.level.ServerPlayerGameMode/]: Mismatch in destroy block pos: BlockPos{x=-14, y=15, z=-44} BlockPos{x=-15, y=15, z=-45}
[29May2025 00:26:57.313] [Server thread/WARN] [net.minecraft.server.level.ServerPlayerGameMode/]: Mismatch in destroy block pos: BlockPos{x=-14, y=15, z=-44} BlockPos{x=-15, y=15, z=-45}
[29May2025 00:26:57.364] [Server thread/WARN] [net.minecraft.server.level.ServerPlayerGameMode/]: Mismatch in destroy block pos: BlockPos{x=-14, y=15, z=-44} BlockPos{x=-15, y=15, z=-45}
[29May2025 00:29:49.862] [Server thread/INFO] [net.minecraft.server.network.ServerGamePacketListenerImpl/]: tacticalMus4sh1 lost connection: Disconnected
[29May2025 00:29:49.863] [Server thread/INFO] [net.minecraft.server.MinecraftServer/]: tacticalMus4sh1 left the game
[29May2025 00:31:45.605] [Server thread/INFO] [net.minecraft.server.MinecraftServer/]: Stopping server
[29May2025 00:31:45.611] [Server thread/INFO] [net.minecraft.server.MinecraftServer/]: Saving players
[29May2025 00:31:45.611] [Server thread/INFO] [net.minecraft.server.MinecraftServer/]: Saving worlds
[29May2025 00:31:45.637] [Server thread/INFO] [net.minecraft.server.MinecraftServer/]: Saving chunks for level 'ServerLevel[world]'/minecraft:overworld
[29May2025 00:31:45.731] [Server thread/INFO] [net.minecraft.server.MinecraftServer/]: Saving chunks for level 'ServerLevel[world]'/mofus_better_end_:broken_constellation
[29May2025 00:31:45.733] [Server thread/INFO] [net.minecraft.server.MinecraftServer/]: Saving chunks for level 'ServerLevel[world]'/voidscape:void
[29May2025 00:31:45.735] [Server thread/INFO] [net.minecraft.server.MinecraftServer/]: Saving chunks for level 'ServerLevel[world]'/rediscovered:skylands
[29May2025 00:31:45.738] [Server thread/INFO] [net.minecraft.server.MinecraftServer/]: Saving chunks for level 'ServerLevel[world]'/minecraft:the_end
[29May2025 00:31:45.739] [Server thread/INFO] [net.minecraft.server.MinecraftServer/]: Saving chunks for level 'ServerLevel[world]'/mahoutsukai:reality_marble
[29May2025 00:31:45.741] [Server thread/INFO] [net.minecraft.server.MinecraftServer/]: Saving chunks for level 'ServerLevel[world]'/witherstormmod:bowels
[29May2025 00:31:45.746] [Server thread/INFO] [net.minecraft.server.MinecraftServer/]: Saving chunks for level 'ServerLevel[world]'/minecraft:the_nether
[29May2025 00:31:45.754] [Server thread/INFO] [net.minecraft.server.MinecraftServer/]: Saving chunks for level 'ServerLevel[world]'/callfromthedepth_:depth
[29May2025 00:31:45.908] [Server thread/INFO] [net.minecraft.server.MinecraftServer/]: ThreadedAnvilChunkStorage (world): All chunks are saved
[29May2025 00:31:45.908] [Server thread/INFO] [net.minecraft.server.MinecraftServer/]: ThreadedAnvilChunkStorage (broken_constellation): All chunks are saved
[29May2025 00:31:45.908] [Server thread/INFO] [net.minecraft.server.MinecraftServer/]: ThreadedAnvilChunkStorage (void): All chunks are saved
[29May2025 00:31:45.909] [Server thread/INFO] [net.minecraft.server.MinecraftServer/]: ThreadedAnvilChunkStorage (skylands): All chunks are saved
[29May2025 00:31:45.909] [Server thread/INFO] [net.minecraft.server.MinecraftServer/]: ThreadedAnvilChunkStorage (DIM1): All chunks are saved
[29May2025 00:31:45.909] [Server thread/INFO] [net.minecraft.server.MinecraftServer/]: ThreadedAnvilChunkStorage (reality_marble): All chunks are saved
[29May2025 00:31:45.909] [Server thread/INFO] [net.minecraft.server.MinecraftServer/]: ThreadedAnvilChunkStorage (bowels): All chunks are saved
[29May2025 00:31:45.909] [Server thread/INFO] [net.minecraft.server.MinecraftServer/]: ThreadedAnvilChunkStorage (DIM-1): All chunks are saved
[29May2025 00:31:45.909] [Server thread/INFO] [net.minecraft.server.MinecraftServer/]: ThreadedAnvilChunkStorage (depth): All chunks are saved
[29May2025 00:31:45.909] [Server thread/INFO] [net.minecraft.server.MinecraftServer/]: ThreadedAnvilChunkStorage: All dimensions are saved
[29May2025 00:31:46.773] [Server thread/INFO] [Framework/]: Unloading server configs...
[29May2025 00:31:46.777] [Server thread/INFO] [Framework/]: Sending config unload event for goblintraders-entities.toml
[29May2025 00:31:46.784] [Server thread/INFO] [Framework/]: Finished unloading server configs
